{"numFailedTestSuites":0,"numFailedTests":0,"numPassedTestSuites":3,"numPassedTests":12,"numPendingTestSuites":0,"numPendingTests":0,"numRuntimeErrorTestSuites":0,"numTodoTests":0,"numTotalTestSuites":3,"numTotalTests":12,"openHandles":[],"snapshot":{"added":0,"didUpdate":false,"failure":false,"filesAdded":0,"filesRemoved":0,"filesRemovedList":[],"filesUnmatched":0,"filesUpdated":0,"matched":0,"total":0,"unchecked":0,"uncheckedKeysByFile":[],"unmatched":0,"updated":0},"startTime":1702407307149,"success":true,"testResults":[{"assertionResults":[{"ancestorTitles":["HomePage component"],"duration":61,"failureDetails":[],"failureMessages":[],"fullName":"HomePage component renders welcome message","invocations":1,"location":{"column":3,"line":9},"numPassingAsserts":1,"retryReasons":[],"status":"passed","title":"renders welcome message"},{"ancestorTitles":["HomePage component"],"duration":8,"failureDetails":[],"failureMessages":[],"fullName":"HomePage component renders description","invocations":1,"location":{"column":3,"line":15},"numPassingAsserts":1,"retryReasons":[],"status":"passed","title":"renders description"},{"ancestorTitles":["HomePage component"],"duration":7,"failureDetails":[],"failureMessages":[],"fullName":"HomePage component renders GetStartedButton","invocations":1,"location":{"column":3,"line":23},"numPassingAsserts":1,"retryReasons":[],"status":"passed","title":"renders GetStartedButton"}],"endTime":1702407313869,"message":"","name":"/Users/irinakorotkaya/Documents/GitHub/buena-onboarding/src/pages/HomePage.spec.tsx","startTime":1702407308353,"status":"passed","summary":""},{"assertionResults":[{"ancestorTitles":["Final Page"],"duration":57,"failureDetails":[],"failureMessages":[],"fullName":"Final Page renders thank you message","invocations":1,"location":{"column":3,"line":7},"numPassingAsserts":1,"retryReasons":[],"status":"passed","title":"renders thank you message"},{"ancestorTitles":["Final Page"],"duration":9,"failureDetails":[],"failureMessages":[],"fullName":"Final Page renders submission confirmation","invocations":1,"location":{"column":3,"line":13},"numPassingAsserts":1,"retryReasons":[],"status":"passed","title":"renders submission confirmation"}],"endTime":1702407313870,"message":"","name":"/Users/irinakorotkaya/Documents/GitHub/buena-onboarding/src/pages/FinalPage.spec.tsx","startTime":1702407308353,"status":"passed","summary":""},{"assertionResults":[{"ancestorTitles":["Name onboarding screen"],"duration":63,"failureDetails":[],"failureMessages":[],"fullName":"Name onboarding screen renders the headline correctly","invocations":1,"location":{"column":3,"line":7},"numPassingAsserts":1,"retryReasons":[],"status":"passed","title":"renders the headline correctly"},{"ancestorTitles":["Name onboarding screen"],"duration":10,"failureDetails":[],"failureMessages":[],"fullName":"Name onboarding screen renders the input field","invocations":1,"location":{"column":3,"line":13},"numPassingAsserts":1,"retryReasons":[],"status":"passed","title":"renders the input field"},{"ancestorTitles":["Name onboarding screen","when the input is blank"],"duration":9,"failureDetails":[],"failureMessages":[],"fullName":"Name onboarding screen when the input is blank does NOT show error message ","invocations":1,"location":{"column":5,"line":22},"numPassingAsserts":1,"retryReasons":[],"status":"passed","title":"does NOT show error message "},{"ancestorTitles":["Name onboarding screen","when the input is invalid (too short)"],"duration":15,"failureDetails":[],"failureMessages":[],"fullName":"Name onboarding screen when the input is invalid (too short) shows error message ","invocations":1,"location":{"column":5,"line":31},"numPassingAsserts":1,"retryReasons":[],"status":"passed","title":"shows error message "},{"ancestorTitles":["Name onboarding screen","when the input is invalid (too short)"],"duration":8,"failureDetails":[],"failureMessages":[],"fullName":"Name onboarding screen when the input is invalid (too short) disables the \"Next\" button","invocations":1,"location":{"column":5,"line":39},"numPassingAsserts":1,"retryReasons":[],"status":"passed","title":"disables the \"Next\" button"},{"ancestorTitles":["Name onboarding screen","when the input is valid (at least 2 characters)"],"duration":9,"failureDetails":[],"failureMessages":[],"fullName":"Name onboarding screen when the input is valid (at least 2 characters) does NOT show error message ","invocations":1,"location":{"column":5,"line":51},"numPassingAsserts":1,"retryReasons":[],"status":"passed","title":"does NOT show error message "},{"ancestorTitles":["Name onboarding screen","when the input is valid (at least 2 characters)"],"duration":5,"failureDetails":[],"failureMessages":[],"fullName":"Name onboarding screen when the input is valid (at least 2 characters) enables the \"Next\" button","invocations":1,"location":{"column":5,"line":59},"numPassingAsserts":1,"retryReasons":[],"status":"passed","title":"enables the \"Next\" button"}],"endTime":1702407313942,"message":"","name":"/Users/irinakorotkaya/Documents/GitHub/buena-onboarding/src/pages/onboarding/Name.spec.tsx","startTime":1702407308353,"status":"passed","summary":""}],"wasInterrupted":false,"coverageMap":{"/Users/irinakorotkaya/Documents/GitHub/buena-onboarding/src/pages/HomePage.tsx":{"path":"/Users/irinakorotkaya/Documents/GitHub/buena-onboarding/src/pages/HomePage.tsx","statementMap":{"0":{"start":{"line":1,"column":0},"end":{"line":1,"column":46}},"1":{"start":{"line":2,"column":0},"end":{"line":2,"column":52}},"2":{"start":{"line":3,"column":0},"end":{"line":3,"column":72}},"3":{"start":{"line":4,"column":0},"end":{"line":4,"column":59}},"4":{"start":{"line":7,"column":2},"end":{"line":26,"column":4}},"5":{"start":{"line":6,"column":0},"end":{"line":6,"column":24}}},"fnMap":{"0":{"name":"HomePage","decl":{"start":{"line":6,"column":24},"end":{"line":6,"column":32}},"loc":{"start":{"line":6,"column":32},"end":{"line":27,"column":1}}}},"branchMap":{},"s":{"0":1,"1":1,"2":1,"3":1,"4":3,"5":1},"f":{"0":3},"b":{}},"/Users/irinakorotkaya/Documents/GitHub/buena-onboarding/src/components/Headline.tsx":{"path":"/Users/irinakorotkaya/Documents/GitHub/buena-onboarding/src/components/Headline.tsx","statementMap":{"0":{"start":{"line":1,"column":24},"end":{"line":4,"column":2}},"1":{"start":{"line":6,"column":28},"end":{"line":9,"column":2}},"2":{"start":{"line":24,"column":21},"end":{"line":24,"column":62}},"3":{"start":{"line":27,"column":4},"end":{"line":27,"column":78}},"4":{"start":{"line":29,"column":2},"end":{"line":31,"column":3}},"5":{"start":{"line":30,"column":4},"end":{"line":30,"column":40}},"6":{"start":{"line":33,"column":2},"end":{"line":39,"column":4}},"7":{"start":{"line":18,"column":0},"end":{"line":18,"column":24}}},"fnMap":{"0":{"name":"Headline","decl":{"start":{"line":18,"column":24},"end":{"line":18,"column":32}},"loc":{"start":{"line":23,"column":16},"end":{"line":40,"column":1}}}},"branchMap":{"0":{"loc":{"start":{"line":19,"column":2},"end":{"line":19,"column":12}},"type":"default-arg","locations":[{"start":{"line":19,"column":9},"end":{"line":19,"column":12}}]},"1":{"loc":{"start":{"line":20,"column":2},"end":{"line":20,"column":12}},"type":"default-arg","locations":[{"start":{"line":20,"column":10},"end":{"line":20,"column":12}}]},"2":{"loc":{"start":{"line":22,"column":2},"end":{"line":22,"column":16}},"type":"default-arg","locations":[{"start":{"line":22,"column":14},"end":{"line":22,"column":16}}]},"3":{"loc":{"start":{"line":29,"column":2},"end":{"line":31,"column":3}},"type":"if","locations":[{"start":{"line":29,"column":2},"end":{"line":31,"column":3}}]}},"s":{"0":3,"1":3,"2":23,"3":23,"4":23,"5":18,"6":23,"7":3},"f":{"0":23},"b":{"0":[23],"1":[5],"2":[23],"3":[18]}},"/Users/irinakorotkaya/Documents/GitHub/buena-onboarding/src/components/Subheadline.tsx":{"path":"/Users/irinakorotkaya/Documents/GitHub/buena-onboarding/src/components/Subheadline.tsx","statementMap":{"0":{"start":{"line":6,"column":2},"end":{"line":10,"column":4}},"1":{"start":{"line":5,"column":0},"end":{"line":5,"column":24}}},"fnMap":{"0":{"name":"Subheadline","decl":{"start":{"line":5,"column":24},"end":{"line":5,"column":35}},"loc":{"start":{"line":5,"column":66},"end":{"line":11,"column":1}}}},"branchMap":{},"s":{"0":5,"1":2},"f":{"0":5},"b":{}},"/Users/irinakorotkaya/Documents/GitHub/buena-onboarding/src/components/AnimatedPrimaryButton.tsx":{"path":"/Users/irinakorotkaya/Documents/GitHub/buena-onboarding/src/components/AnimatedPrimaryButton.tsx","statementMap":{"0":{"start":{"line":1,"column":0},"end":{"line":1,"column":40}},"1":{"start":{"line":16,"column":2},"end":{"line":53,"column":4}},"2":{"start":{"line":10,"column":0},"end":{"line":10,"column":24}}},"fnMap":{"0":{"name":"t","decl":{"start":{"line":10,"column":24},"end":{"line":10,"column":25}},"loc":{"start":{"line":15,"column":29},"end":{"line":54,"column":1}}}},"branchMap":{"0":{"loc":{"start":{"line":14,"column":2},"end":{"line":14,"column":16}},"type":"default-arg","locations":[{"start":{"line":14,"column":14},"end":{"line":14,"column":16}}]}},"s":{"0":1,"1":3,"2":1},"f":{"0":3},"b":{"0":[0]}},"/Users/irinakorotkaya/Documents/GitHub/buena-onboarding/src/pages/FinalPage.tsx":{"path":"/Users/irinakorotkaya/Documents/GitHub/buena-onboarding/src/pages/FinalPage.tsx","statementMap":{"0":{"start":{"line":1,"column":0},"end":{"line":1,"column":44}},"1":{"start":{"line":2,"column":0},"end":{"line":2,"column":38}},"2":{"start":{"line":3,"column":0},"end":{"line":3,"column":46}},"3":{"start":{"line":4,"column":0},"end":{"line":4,"column":52}},"4":{"start":{"line":7,"column":38},"end":{"line":10,"column":4}},"5":{"start":{"line":12,"column":2},"end":{"line":18,"column":9}},"6":{"start":{"line":13,"column":25},"end":{"line":15,"column":5}},"7":{"start":{"line":14,"column":6},"end":{"line":14,"column":78}},"8":{"start":{"line":16,"column":4},"end":{"line":16,"column":52}},"9":{"start":{"line":17,"column":4},"end":{"line":17,"column":68}},"10":{"start":{"line":17,"column":17},"end":{"line":17,"column":67}},"11":{"start":{"line":20,"column":2},"end":{"line":30,"column":4}},"12":{"start":{"line":6,"column":0},"end":{"line":6,"column":24}}},"fnMap":{"0":{"name":"FinalPage","decl":{"start":{"line":6,"column":24},"end":{"line":6,"column":33}},"loc":{"start":{"line":6,"column":33},"end":{"line":31,"column":1}}},"1":{"name":"(anonymous_2)","decl":{"start":{"line":12,"column":12},"end":{"line":12,"column":15}},"loc":{"start":{"line":12,"column":17},"end":{"line":18,"column":3}}},"2":{"name":"(anonymous_3)","decl":{"start":{"line":13,"column":25},"end":{"line":13,"column":28}},"loc":{"start":{"line":13,"column":30},"end":{"line":15,"column":5}}},"3":{"name":"(anonymous_4)","decl":{"start":{"line":17,"column":11},"end":{"line":17,"column":14}},"loc":{"start":{"line":17,"column":17},"end":{"line":17,"column":67}}}},"branchMap":{},"s":{"0":1,"1":1,"2":1,"3":1,"4":2,"5":2,"6":2,"7":0,"8":2,"9":2,"10":2,"11":2,"12":1},"f":{"0":2,"1":2,"2":0,"3":2},"b":{}},"/Users/irinakorotkaya/Documents/GitHub/buena-onboarding/src/pages/onboarding/Name.tsx":{"path":"/Users/irinakorotkaya/Documents/GitHub/buena-onboarding/src/pages/onboarding/Name.tsx","statementMap":{"0":{"start":{"line":1,"column":0},"end":{"line":1,"column":34}},"1":{"start":{"line":2,"column":0},"end":{"line":2,"column":53}},"2":{"start":{"line":3,"column":0},"end":{"line":3,"column":49}},"3":{"start":{"line":4,"column":0},"end":{"line":4,"column":51}},"4":{"start":{"line":5,"column":0},"end":{"line":5,"column":49}},"5":{"start":{"line":6,"column":0},"end":{"line":6,"column":57}},"6":{"start":{"line":9,"column":53},"end":{"line":9,"column":73}},"7":{"start":{"line":11,"column":23},"end":{"line":13,"column":3}},"8":{"start":{"line":12,"column":4},"end":{"line":12,"column":29}},"9":{"start":{"line":15,"column":27},"end":{"line":17,"column":3}},"10":{"start":{"line":16,"column":4},"end":{"line":16,"column":21}},"11":{"start":{"line":19,"column":2},"end":{"line":21,"column":13}},"12":{"start":{"line":20,"column":4},"end":{"line":20,"column":37}},"13":{"start":{"line":23,"column":2},"end":{"line":40,"column":4}},"14":{"start":{"line":8,"column":0},"end":{"line":8,"column":24}}},"fnMap":{"0":{"name":"Name","decl":{"start":{"line":8,"column":24},"end":{"line":8,"column":28}},"loc":{"start":{"line":8,"column":28},"end":{"line":41,"column":1}}},"1":{"name":"(anonymous_2)","decl":{"start":{"line":11,"column":23},"end":{"line":11,"column":24}},"loc":{"start":{"line":11,"column":41},"end":{"line":13,"column":3}}},"2":{"name":"(anonymous_3)","decl":{"start":{"line":15,"column":27},"end":{"line":15,"column":28}},"loc":{"start":{"line":15,"column":47},"end":{"line":17,"column":3}}},"3":{"name":"(anonymous_4)","decl":{"start":{"line":19,"column":12},"end":{"line":19,"column":15}},"loc":{"start":{"line":19,"column":17},"end":{"line":21,"column":3}}}},"branchMap":{"0":{"loc":{"start":{"line":35,"column":9},"end":{"line":35,"column":59}},"type":"binary-expr","locations":[{"start":{"line":35,"column":9},"end":{"line":35,"column":19}},{"start":{"line":35,"column":23},"end":{"line":35,"column":27}},{"start":{"line":35,"column":31},"end":{"line":35,"column":59}}]}},"s":{"0":1,"1":1,"2":1,"3":1,"4":1,"5":1,"6":18,"7":18,"8":9,"9":18,"10":2,"11":18,"12":9,"13":18,"14":1},"f":{"0":18,"1":9,"2":2,"3":9},"b":{"0":[18,15,7]}},"/Users/irinakorotkaya/Documents/GitHub/buena-onboarding/src/components/NextButton.tsx":{"path":"/Users/irinakorotkaya/Documents/GitHub/buena-onboarding/src/components/NextButton.tsx","statementMap":{"0":{"start":{"line":1,"column":0},"end":{"line":1,"column":40}},"1":{"start":{"line":2,"column":0},"end":{"line":2,"column":52}},"2":{"start":{"line":3,"column":0},"end":{"line":3,"column":44}},"3":{"start":{"line":4,"column":0},"end":{"line":4,"column":46}},"4":{"start":{"line":5,"column":0},"end":{"line":5,"column":46}},"5":{"start":{"line":16,"column":31},"end":{"line":16,"column":51}},"6":{"start":{"line":17,"column":34},"end":{"line":17,"column":71}},"7":{"start":{"line":19,"column":2},"end":{"line":21,"column":25}},"8":{"start":{"line":20,"column":4},"end":{"line":20,"column":45}},"9":{"start":{"line":23,"column":2},"end":{"line":45,"column":4}},"10":{"start":{"line":12,"column":0},"end":{"line":12,"column":24}}},"fnMap":{"0":{"name":"NextButton","decl":{"start":{"line":12,"column":24},"end":{"line":12,"column":34}},"loc":{"start":{"line":15,"column":18},"end":{"line":46,"column":1}}},"1":{"name":"(anonymous_2)","decl":{"start":{"line":19,"column":12},"end":{"line":19,"column":15}},"loc":{"start":{"line":19,"column":17},"end":{"line":21,"column":3}}}},"branchMap":{"0":{"loc":{"start":{"line":13,"column":2},"end":{"line":13,"column":16}},"type":"default-arg","locations":[{"start":{"line":13,"column":14},"end":{"line":13,"column":16}}]},"1":{"loc":{"start":{"line":27,"column":7},"end":{"line":42,"column":null}},"type":"binary-expr","locations":[{"start":{"line":27,"column":7},"end":{"line":27,"column":15}},{"start":{"line":28,"column":8},"end":{"line":41,"column":null}}]},"2":{"loc":{"start":{"line":34,"column":14},"end":{"line":36,"column":null}},"type":"cond-expr","locations":[{"start":{"line":35,"column":18},"end":{"line":35,"column":54}},{"start":{"line":36,"column":18},"end":{"line":36,"column":null}}]}},"s":{"0":1,"1":1,"2":1,"3":1,"4":1,"5":25,"6":25,"7":25,"8":7,"9":25,"10":1},"f":{"0":25,"1":7},"b":{"0":[0],"1":[25,25],"2":[21,4]}},"/Users/irinakorotkaya/Documents/GitHub/buena-onboarding/src/utils/onboarding-routing.ts":{"path":"/Users/irinakorotkaya/Documents/GitHub/buena-onboarding/src/utils/onboarding-routing.ts","statementMap":{"0":{"start":{"line":1,"column":0},"end":{"line":1,"column":59}},"1":{"start":{"line":3,"column":13},"end":{"line":3,"column":63}},"2":{"start":{"line":3,"column":52},"end":{"line":3,"column":61}},"3":{"start":{"line":5,"column":35},"end":{"line":15,"column":1}},"4":{"start":{"line":6,"column":19},"end":{"line":6,"column":43}},"5":{"start":{"line":8,"column":2},"end":{"line":8,"column":54}},"6":{"start":{"line":8,"column":44},"end":{"line":8,"column":54}},"7":{"start":{"line":10,"column":19},"end":{"line":10,"column":41}},"8":{"start":{"line":12,"column":20},"end":{"line":12,"column":43}},"9":{"start":{"line":14,"column":2},"end":{"line":14,"column":19}},"10":{"start":{"line":5,"column":13},"end":{"line":5,"column":35}}},"fnMap":{"0":{"name":"(anonymous_1)","decl":{"start":{"line":3,"column":42},"end":{"line":3,"column":43}},"loc":{"start":{"line":3,"column":52},"end":{"line":3,"column":61}}},"1":{"name":"(anonymous_2)","decl":{"start":{"line":5,"column":35},"end":{"line":5,"column":46}},"loc":{"start":{"line":5,"column":48},"end":{"line":15,"column":1}}}},"branchMap":{"0":{"loc":{"start":{"line":8,"column":2},"end":{"line":8,"column":54}},"type":"if","locations":[{"start":{"line":8,"column":2},"end":{"line":8,"column":54}}]}},"s":{"0":1,"1":1,"2":5,"3":1,"4":0,"5":0,"6":0,"7":0,"8":0,"9":0,"10":1},"f":{"0":5,"1":0},"b":{"0":[0]}},"/Users/irinakorotkaya/Documents/GitHub/buena-onboarding/src/store.ts":{"path":"/Users/irinakorotkaya/Documents/GitHub/buena-onboarding/src/store.ts","statementMap":{"0":{"start":{"line":1,"column":0},"end":{"line":1,"column":33}},"1":{"start":{"line":2,"column":0},"end":{"line":2,"column":64}},"2":{"start":{"line":30,"column":13},"end":{"line":58,"column":2}},"3":{"start":{"line":32,"column":14},"end":{"line":52,"column":6}},"4":{"start":{"line":43,"column":25},"end":{"line":43,"column":38}},"5":{"start":{"line":44,"column":27},"end":{"line":44,"column":41}},"6":{"start":{"line":45,"column":39},"end":{"line":45,"column":59}},"7":{"start":{"line":46,"column":29},"end":{"line":46,"column":44}},"8":{"start":{"line":47,"column":49},"end":{"line":47,"column":74}},"9":{"start":{"line":48,"column":35},"end":{"line":48,"column":53}},"10":{"start":{"line":49,"column":37},"end":{"line":49,"column":56}},"11":{"start":{"line":50,"column":49},"end":{"line":50,"column":74}},"12":{"start":{"line":51,"column":39},"end":{"line":51,"column":59}},"13":{"start":{"line":55,"column":39},"end":{"line":55,"column":53}}},"fnMap":{"0":{"name":"(anonymous_0)","decl":{"start":{"line":32,"column":4},"end":{"line":32,"column":5}},"loc":{"start":{"line":32,"column":14},"end":{"line":52,"column":6}}},"1":{"name":"(anonymous_1)","decl":{"start":{"line":43,"column":15},"end":{"line":43,"column":16}},"loc":{"start":{"line":43,"column":25},"end":{"line":43,"column":38}}},"2":{"name":"(anonymous_2)","decl":{"start":{"line":44,"column":16},"end":{"line":44,"column":17}},"loc":{"start":{"line":44,"column":27},"end":{"line":44,"column":41}}},"3":{"name":"(anonymous_3)","decl":{"start":{"line":45,"column":22},"end":{"line":45,"column":23}},"loc":{"start":{"line":45,"column":39},"end":{"line":45,"column":59}}},"4":{"name":"(anonymous_4)","decl":{"start":{"line":46,"column":17},"end":{"line":46,"column":18}},"loc":{"start":{"line":46,"column":29},"end":{"line":46,"column":44}}},"5":{"name":"(anonymous_5)","decl":{"start":{"line":47,"column":27},"end":{"line":47,"column":28}},"loc":{"start":{"line":47,"column":49},"end":{"line":47,"column":74}}},"6":{"name":"(anonymous_6)","decl":{"start":{"line":48,"column":20},"end":{"line":48,"column":21}},"loc":{"start":{"line":48,"column":35},"end":{"line":48,"column":53}}},"7":{"name":"(anonymous_7)","decl":{"start":{"line":49,"column":21},"end":{"line":49,"column":22}},"loc":{"start":{"line":49,"column":37},"end":{"line":49,"column":56}}},"8":{"name":"(anonymous_8)","decl":{"start":{"line":50,"column":27},"end":{"line":50,"column":28}},"loc":{"start":{"line":50,"column":49},"end":{"line":50,"column":74}}},"9":{"name":"(anonymous_9)","decl":{"start":{"line":51,"column":22},"end":{"line":51,"column":23}},"loc":{"start":{"line":51,"column":39},"end":{"line":51,"column":59}}},"10":{"name":"(anonymous_10)","decl":{"start":{"line":55,"column":33},"end":{"line":55,"column":36}},"loc":{"start":{"line":55,"column":39},"end":{"line":55,"column":53}}}},"branchMap":{},"s":{"0":1,"1":1,"2":1,"3":1,"4":2,"5":0,"6":0,"7":0,"8":0,"9":9,"10":0,"11":0,"12":0,"13":1},"f":{"0":1,"1":2,"2":0,"3":0,"4":0,"5":0,"6":9,"7":0,"8":0,"9":0,"10":1},"b":{}},"/Users/irinakorotkaya/Documents/GitHub/buena-onboarding/src/components/ArrowRightIcon.tsx":{"path":"/Users/irinakorotkaya/Documents/GitHub/buena-onboarding/src/components/ArrowRightIcon.tsx","statementMap":{"0":{"start":{"line":6,"column":2},"end":{"line":21,"column":4}},"1":{"start":{"line":1,"column":0},"end":{"line":1,"column":24}}},"fnMap":{"0":{"name":"ArrowRightIcon","decl":{"start":{"line":1,"column":24},"end":{"line":1,"column":38}},"loc":{"start":{"line":5,"column":1},"end":{"line":22,"column":1}}}},"branchMap":{"0":{"loc":{"start":{"line":2,"column":2},"end":{"line":2,"column":16}},"type":"default-arg","locations":[{"start":{"line":2,"column":14},"end":{"line":2,"column":16}}]}},"s":{"0":18,"1":1},"f":{"0":18},"b":{"0":[0]}},"/Users/irinakorotkaya/Documents/GitHub/buena-onboarding/src/components/TextInput.tsx":{"path":"/Users/irinakorotkaya/Documents/GitHub/buena-onboarding/src/components/TextInput.tsx","statementMap":{"0":{"start":{"line":14,"column":23},"end":{"line":16,"column":3}},"1":{"start":{"line":15,"column":4},"end":{"line":15,"column":29}},"2":{"start":{"line":18,"column":2},"end":{"line":28,"column":4}},"3":{"start":{"line":8,"column":0},"end":{"line":8,"column":24}}},"fnMap":{"0":{"name":"TextInput","decl":{"start":{"line":8,"column":24},"end":{"line":8,"column":33}},"loc":{"start":{"line":13,"column":17},"end":{"line":29,"column":1}}},"1":{"name":"(anonymous_1)","decl":{"start":{"line":14,"column":23},"end":{"line":14,"column":24}},"loc":{"start":{"line":14,"column":66},"end":{"line":16,"column":3}}}},"branchMap":{"0":{"loc":{"start":{"line":10,"column":2},"end":{"line":10,"column":18}},"type":"default-arg","locations":[{"start":{"line":10,"column":16},"end":{"line":10,"column":18}}]},"1":{"loc":{"start":{"line":11,"column":2},"end":{"line":11,"column":15}},"type":"default-arg","locations":[{"start":{"line":11,"column":9},"end":{"line":11,"column":15}}]},"2":{"loc":{"start":{"line":12,"column":2},"end":{"line":12,"column":19}},"type":"default-arg","locations":[{"start":{"line":12,"column":17},"end":{"line":12,"column":19}}]}},"s":{"0":18,"1":2,"2":18,"3":1},"f":{"0":18,"1":2},"b":{"0":[0],"1":[0],"2":[0]}},"/Users/irinakorotkaya/Documents/GitHub/buena-onboarding/src/components/ErrorMessage.tsx":{"path":"/Users/irinakorotkaya/Documents/GitHub/buena-onboarding/src/components/ErrorMessage.tsx","statementMap":{"0":{"start":{"line":6,"column":2},"end":{"line":13,"column":4}},"1":{"start":{"line":5,"column":0},"end":{"line":5,"column":24}}},"fnMap":{"0":{"name":"ErrorMessage","decl":{"start":{"line":5,"column":24},"end":{"line":5,"column":36}},"loc":{"start":{"line":5,"column":64},"end":{"line":14,"column":1}}}},"branchMap":{},"s":{"0":7,"1":1},"f":{"0":7},"b":{}},"/Users/irinakorotkaya/Documents/GitHub/buena-onboarding/src/Layout.tsx":{"path":"/Users/irinakorotkaya/Documents/GitHub/buena-onboarding/src/Layout.tsx","statementMap":{"0":{"start":{"line":1,"column":0},"end":{"line":1,"column":42}},"1":{"start":{"line":2,"column":0},"end":{"line":2,"column":41}},"2":{"start":{"line":5,"column":2},"end":{"line":13,"column":4}},"3":{"start":{"line":4,"column":0},"end":{"line":4,"column":24}}},"fnMap":{"0":{"name":"Layout","decl":{"start":{"line":4,"column":24},"end":{"line":4,"column":30}},"loc":{"start":{"line":4,"column":30},"end":{"line":14,"column":1}}}},"branchMap":{},"s":{"0":0,"1":0,"2":0,"3":0},"f":{"0":0},"b":{}},"/Users/irinakorotkaya/Documents/GitHub/buena-onboarding/src/OnboardingLayout.tsx":{"path":"/Users/irinakorotkaya/Documents/GitHub/buena-onboarding/src/OnboardingLayout.tsx","statementMap":{"0":{"start":{"line":1,"column":0},"end":{"line":1,"column":42}},"1":{"start":{"line":2,"column":0},"end":{"line":2,"column":43}},"2":{"start":{"line":3,"column":0},"end":{"line":3,"column":51}},"3":{"start":{"line":4,"column":0},"end":{"line":4,"column":49}},"4":{"start":{"line":5,"column":0},"end":{"line":5,"column":45}},"5":{"start":{"line":6,"column":0},"end":{"line":6,"column":34}},"6":{"start":{"line":7,"column":0},"end":{"line":7,"column":56}},"7":{"start":{"line":8,"column":0},"end":{"line":8,"column":33}},"8":{"start":{"line":12,"column":31},"end":{"line":12,"column":51}},"9":{"start":{"line":14,"column":26},"end":{"line":14,"column":46}},"10":{"start":{"line":16,"column":58},"end":{"line":16,"column":72}},"11":{"start":{"line":18,"column":2},"end":{"line":26,"column":42}},"12":{"start":{"line":19,"column":17},"end":{"line":19,"column":51}},"13":{"start":{"line":20,"column":4},"end":{"line":25,"column":5}},"14":{"start":{"line":21,"column":6},"end":{"line":24,"column":8}},"15":{"start":{"line":28,"column":2},"end":{"line":47,"column":4}},"16":{"start":{"line":11,"column":0},"end":{"line":11,"column":24}}},"fnMap":{"0":{"name":"OnboardingLayout","decl":{"start":{"line":11,"column":24},"end":{"line":11,"column":40}},"loc":{"start":{"line":11,"column":40},"end":{"line":48,"column":1}}},"1":{"name":"(anonymous_2)","decl":{"start":{"line":18,"column":12},"end":{"line":18,"column":15}},"loc":{"start":{"line":18,"column":17},"end":{"line":26,"column":3}}}},"branchMap":{"0":{"loc":{"start":{"line":20,"column":4},"end":{"line":25,"column":5}},"type":"if","locations":[{"start":{"line":20,"column":4},"end":{"line":25,"column":5}}]},"1":{"loc":{"start":{"line":20,"column":8},"end":{"line":20,"column":29}},"type":"binary-expr","locations":[{"start":{"line":20,"column":8},"end":{"line":20,"column":12}},{"start":{"line":20,"column":16},"end":{"line":20,"column":29}}]},"2":{"loc":{"start":{"line":22,"column":8},"end":{"line":23,"column":66}},"type":"binary-expr","locations":[{"start":{"line":22,"column":8},"end":{"line":22,"column":22}},{"start":{"line":23,"column":10},"end":{"line":23,"column":66}}]}},"s":{"0":0,"1":0,"2":0,"3":0,"4":0,"5":0,"6":0,"7":0,"8":0,"9":0,"10":0,"11":0,"12":0,"13":0,"14":0,"15":0,"16":0},"f":{"0":0,"1":0},"b":{"0":[0],"1":[0,0],"2":[0,0]}},"/Users/irinakorotkaya/Documents/GitHub/buena-onboarding/src/components/OnboardingNavbar.tsx":{"path":"/Users/irinakorotkaya/Documents/GitHub/buena-onboarding/src/components/OnboardingNavbar.tsx","statementMap":{"0":{"start":{"line":1,"column":0},"end":{"line":1,"column":40}},"1":{"start":{"line":2,"column":0},"end":{"line":2,"column":52}},"2":{"start":{"line":3,"column":0},"end":{"line":3,"column":46}},"3":{"start":{"line":4,"column":0},"end":{"line":4,"column":48}},"4":{"start":{"line":5,"column":0},"end":{"line":5,"column":44}},"5":{"start":{"line":6,"column":0},"end":{"line":6,"column":37}},"6":{"start":{"line":13,"column":31},"end":{"line":13,"column":51}},"7":{"start":{"line":14,"column":42},"end":{"line":14,"column":79}},"8":{"start":{"line":16,"column":2},"end":{"line":18,"column":25}},"9":{"start":{"line":17,"column":4},"end":{"line":17,"column":49}},"10":{"start":{"line":20,"column":2},"end":{"line":38,"column":4}},"11":{"start":{"line":8,"column":0},"end":{"line":8,"column":24}}},"fnMap":{"0":{"name":"OnboardingNavbar","decl":{"start":{"line":8,"column":24},"end":{"line":8,"column":40}},"loc":{"start":{"line":12,"column":1},"end":{"line":39,"column":1}}},"1":{"name":"(anonymous_2)","decl":{"start":{"line":16,"column":12},"end":{"line":16,"column":15}},"loc":{"start":{"line":16,"column":17},"end":{"line":18,"column":3}}}},"branchMap":{"0":{"loc":{"start":{"line":9,"column":2},"end":{"line":9,"column":16}},"type":"default-arg","locations":[{"start":{"line":9,"column":14},"end":{"line":9,"column":16}}]},"1":{"loc":{"start":{"line":29,"column":9},"end":{"line":30,"column":null}},"type":"binary-expr","locations":[{"start":{"line":29,"column":9},"end":{"line":29,"column":29}},{"start":{"line":30,"column":10},"end":{"line":30,"column":66}}]}},"s":{"0":0,"1":0,"2":0,"3":0,"4":0,"5":0,"6":0,"7":0,"8":0,"9":0,"10":0,"11":0},"f":{"0":0,"1":0},"b":{"0":[0],"1":[0,0]}},"/Users/irinakorotkaya/Documents/GitHub/buena-onboarding/src/main.tsx":{"path":"/Users/irinakorotkaya/Documents/GitHub/buena-onboarding/src/main.tsx","statementMap":{"0":{"start":{"line":1,"column":0},"end":{"line":1,"column":26}},"1":{"start":{"line":2,"column":0},"end":{"line":2,"column":40}},"2":{"start":{"line":3,"column":0},"end":{"line":3,"column":28}},"3":{"start":{"line":4,"column":0},"end":{"line":4,"column":21}},"4":{"start":{"line":5,"column":0},"end":{"line":5,"column":49}},"5":{"start":{"line":7,"column":0},"end":{"line":13,"column":2}}},"fnMap":{},"branchMap":{},"s":{"0":0,"1":0,"2":0,"3":0,"4":0,"5":0},"f":{},"b":{}},"/Users/irinakorotkaya/Documents/GitHub/buena-onboarding/src/components/SecondaryButton.tsx":{"path":"/Users/irinakorotkaya/Documents/GitHub/buena-onboarding/src/components/SecondaryButton.tsx","statementMap":{"0":{"start":{"line":1,"column":0},"end":{"line":1,"column":40}},"1":{"start":{"line":2,"column":0},"end":{"line":2,"column":58}},"2":{"start":{"line":9,"column":2},"end":{"line":17,"column":4}},"3":{"start":{"line":8,"column":0},"end":{"line":8,"column":24}}},"fnMap":{"0":{"name":"SecondaryButton","decl":{"start":{"line":8,"column":24},"end":{"line":8,"column":39}},"loc":{"start":{"line":8,"column":70},"end":{"line":18,"column":1}}}},"branchMap":{},"s":{"0":0,"1":0,"2":0,"3":0},"f":{"0":0},"b":{}},"/Users/irinakorotkaya/Documents/GitHub/buena-onboarding/src/components/Sidebar.tsx":{"path":"/Users/irinakorotkaya/Documents/GitHub/buena-onboarding/src/components/Sidebar.tsx","statementMap":{"0":{"start":{"line":1,"column":0},"end":{"line":1,"column":40}},"1":{"start":{"line":2,"column":0},"end":{"line":2,"column":60}},"2":{"start":{"line":3,"column":0},"end":{"line":3,"column":59}},"3":{"start":{"line":4,"column":0},"end":{"line":4,"column":46}},"4":{"start":{"line":5,"column":0},"end":{"line":5,"column":30}},"5":{"start":{"line":9,"column":31},"end":{"line":9,"column":51}},"6":{"start":{"line":10,"column":26},"end":{"line":10,"column":46}},"7":{"start":{"line":12,"column":24},"end":{"line":17,"column":3}},"8":{"start":{"line":13,"column":17},"end":{"line":13,"column":44}},"9":{"start":{"line":14,"column":21},"end":{"line":14,"column":59}},"10":{"start":{"line":16,"column":4},"end":{"line":16,"column":49}},"11":{"start":{"line":19,"column":23},"end":{"line":21,"column":3}},"12":{"start":{"line":20,"column":4},"end":{"line":20,"column":71}},"13":{"start":{"line":23,"column":24},"end":{"line":25,"column":3}},"14":{"start":{"line":24,"column":4},"end":{"line":24,"column":42}},"15":{"start":{"line":27,"column":2},"end":{"line":105,"column":4}},"16":{"start":{"line":37,"column":14},"end":{"line":37,"column":null}},"17":{"start":{"line":8,"column":0},"end":{"line":8,"column":24}}},"fnMap":{"0":{"name":"Sidebar","decl":{"start":{"line":8,"column":24},"end":{"line":8,"column":31}},"loc":{"start":{"line":8,"column":31},"end":{"line":106,"column":1}}},"1":{"name":"(anonymous_2)","decl":{"start":{"line":12,"column":24},"end":{"line":12,"column":25}},"loc":{"start":{"line":12,"column":46},"end":{"line":17,"column":3}}},"2":{"name":"(anonymous_3)","decl":{"start":{"line":19,"column":23},"end":{"line":19,"column":24}},"loc":{"start":{"line":19,"column":45},"end":{"line":21,"column":3}}},"3":{"name":"(anonymous_4)","decl":{"start":{"line":23,"column":24},"end":{"line":23,"column":25}},"loc":{"start":{"line":23,"column":46},"end":{"line":25,"column":3}}},"4":{"name":"(anonymous_5)","decl":{"start":{"line":36,"column":34},"end":{"line":36,"column":35}},"loc":{"start":{"line":37,"column":14},"end":{"line":37,"column":null}}}},"branchMap":{"0":{"loc":{"start":{"line":16,"column":11},"end":{"line":16,"column":48}},"type":"binary-expr","locations":[{"start":{"line":16,"column":11},"end":{"line":16,"column":19}},{"start":{"line":16,"column":23},"end":{"line":16,"column":48}}]},"1":{"loc":{"start":{"line":20,"column":11},"end":{"line":20,"column":70}},"type":"binary-expr","locations":[{"start":{"line":20,"column":11},"end":{"line":20,"column":36}},{"start":{"line":20,"column":40},"end":{"line":20,"column":70}}]},"2":{"loc":{"start":{"line":38,"column":17},"end":{"line":55,"column":null}},"type":"binary-expr","locations":[{"start":{"line":38,"column":17},"end":{"line":38,"column":36}},{"start":{"line":39,"column":18},"end":{"line":54,"column":null}}]},"3":{"loc":{"start":{"line":58,"column":17},"end":{"line":81,"column":null}},"type":"binary-expr","locations":[{"start":{"line":58,"column":17},"end":{"line":58,"column":37}},{"start":{"line":59,"column":18},"end":{"line":80,"column":null}}]},"4":{"loc":{"start":{"line":73,"column":26},"end":{"line":75,"column":null}},"type":"cond-expr","locations":[{"start":{"line":74,"column":30},"end":{"line":74,"column":45}},{"start":{"line":75,"column":30},"end":{"line":75,"column":null}}]},"5":{"loc":{"start":{"line":84,"column":17},"end":{"line":97,"column":null}},"type":"binary-expr","locations":[{"start":{"line":84,"column":17},"end":{"line":84,"column":37}},{"start":{"line":84,"column":41},"end":{"line":84,"column":62}},{"start":{"line":85,"column":18},"end":{"line":96,"column":null}}]}},"s":{"0":0,"1":0,"2":0,"3":0,"4":0,"5":0,"6":0,"7":0,"8":0,"9":0,"10":0,"11":0,"12":0,"13":0,"14":0,"15":0,"16":0,"17":0},"f":{"0":0,"1":0,"2":0,"3":0,"4":0},"b":{"0":[0,0],"1":[0,0],"2":[0,0],"3":[0,0],"4":[0,0],"5":[0,0,0]}},"/Users/irinakorotkaya/Documents/GitHub/buena-onboarding/src/pages/NoMatch.tsx":{"path":"/Users/irinakorotkaya/Documents/GitHub/buena-onboarding/src/pages/NoMatch.tsx","statementMap":{"0":{"start":{"line":1,"column":0},"end":{"line":1,"column":40}},"1":{"start":{"line":2,"column":0},"end":{"line":2,"column":46}},"2":{"start":{"line":5,"column":2},"end":{"line":35,"column":4}},"3":{"start":{"line":4,"column":0},"end":{"line":4,"column":24}}},"fnMap":{"0":{"name":"NoMatch","decl":{"start":{"line":4,"column":24},"end":{"line":4,"column":31}},"loc":{"start":{"line":4,"column":31},"end":{"line":36,"column":1}}}},"branchMap":{},"s":{"0":0,"1":0,"2":0,"3":0},"f":{"0":0},"b":{}},"/Users/irinakorotkaya/Documents/GitHub/buena-onboarding/src/components/Navbar.tsx":{"path":"/Users/irinakorotkaya/Documents/GitHub/buena-onboarding/src/components/Navbar.tsx","statementMap":{"0":{"start":{"line":1,"column":0},"end":{"line":1,"column":40}},"1":{"start":{"line":2,"column":0},"end":{"line":2,"column":37}},"2":{"start":{"line":5,"column":2},"end":{"line":11,"column":4}},"3":{"start":{"line":4,"column":0},"end":{"line":4,"column":24}}},"fnMap":{"0":{"name":"Navbar","decl":{"start":{"line":4,"column":24},"end":{"line":4,"column":30}},"loc":{"start":{"line":4,"column":30},"end":{"line":12,"column":1}}}},"branchMap":{},"s":{"0":0,"1":0,"2":0,"3":0},"f":{"0":0},"b":{}},"/Users/irinakorotkaya/Documents/GitHub/buena-onboarding/src/pages/onboarding/Summary.tsx":{"path":"/Users/irinakorotkaya/Documents/GitHub/buena-onboarding/src/pages/onboarding/Summary.tsx","statementMap":{"0":{"start":{"line":1,"column":0},"end":{"line":1,"column":49}},"1":{"start":{"line":2,"column":0},"end":{"line":2,"column":49}},"2":{"start":{"line":3,"column":0},"end":{"line":3,"column":75}},"3":{"start":{"line":6,"column":47},"end":{"line":6,"column":67}},"4":{"start":{"line":8,"column":2},"end":{"line":34,"column":4}},"5":{"start":{"line":5,"column":0},"end":{"line":5,"column":24}}},"fnMap":{"0":{"name":"Summary","decl":{"start":{"line":5,"column":24},"end":{"line":5,"column":31}},"loc":{"start":{"line":5,"column":31},"end":{"line":35,"column":1}}}},"branchMap":{},"s":{"0":0,"1":0,"2":0,"3":0,"4":0,"5":0},"f":{"0":0},"b":{}},"/Users/irinakorotkaya/Documents/GitHub/buena-onboarding/src/vite-env.d.ts":{"path":"/Users/irinakorotkaya/Documents/GitHub/buena-onboarding/src/vite-env.d.ts","statementMap":{},"fnMap":{},"branchMap":{},"s":{},"f":{},"b":{}},"/Users/irinakorotkaya/Documents/GitHub/buena-onboarding/src/pages/onboarding/Email.tsx":{"path":"/Users/irinakorotkaya/Documents/GitHub/buena-onboarding/src/pages/onboarding/Email.tsx","statementMap":{"0":{"start":{"line":1,"column":0},"end":{"line":1,"column":34}},"1":{"start":{"line":2,"column":0},"end":{"line":2,"column":53}},"2":{"start":{"line":3,"column":0},"end":{"line":3,"column":49}},"3":{"start":{"line":4,"column":0},"end":{"line":4,"column":51}},"4":{"start":{"line":5,"column":0},"end":{"line":5,"column":49}},"5":{"start":{"line":6,"column":0},"end":{"line":6,"column":57}},"6":{"start":{"line":9,"column":57},"end":{"line":9,"column":77}},"7":{"start":{"line":11,"column":24},"end":{"line":14,"column":3}},"8":{"start":{"line":12,"column":23},"end":{"line":12,"column":69}},"9":{"start":{"line":13,"column":4},"end":{"line":13,"column":34}},"10":{"start":{"line":16,"column":28},"end":{"line":18,"column":3}},"11":{"start":{"line":17,"column":4},"end":{"line":17,"column":23}},"12":{"start":{"line":20,"column":2},"end":{"line":22,"column":14}},"13":{"start":{"line":21,"column":4},"end":{"line":21,"column":40}},"14":{"start":{"line":24,"column":2},"end":{"line":41,"column":4}},"15":{"start":{"line":8,"column":0},"end":{"line":8,"column":24}}},"fnMap":{"0":{"name":"Email","decl":{"start":{"line":8,"column":24},"end":{"line":8,"column":29}},"loc":{"start":{"line":8,"column":29},"end":{"line":42,"column":1}}},"1":{"name":"(anonymous_2)","decl":{"start":{"line":11,"column":24},"end":{"line":11,"column":25}},"loc":{"start":{"line":11,"column":42},"end":{"line":14,"column":3}}},"2":{"name":"(anonymous_3)","decl":{"start":{"line":16,"column":28},"end":{"line":16,"column":29}},"loc":{"start":{"line":16,"column":49},"end":{"line":18,"column":3}}},"3":{"name":"(anonymous_4)","decl":{"start":{"line":20,"column":12},"end":{"line":20,"column":15}},"loc":{"start":{"line":20,"column":17},"end":{"line":22,"column":3}}}},"branchMap":{"0":{"loc":{"start":{"line":36,"column":9},"end":{"line":36,"column":70}},"type":"binary-expr","locations":[{"start":{"line":36,"column":9},"end":{"line":36,"column":20}},{"start":{"line":36,"column":24},"end":{"line":36,"column":29}},{"start":{"line":36,"column":33},"end":{"line":36,"column":70}}]}},"s":{"0":0,"1":0,"2":0,"3":0,"4":0,"5":0,"6":0,"7":0,"8":0,"9":0,"10":0,"11":0,"12":0,"13":0,"14":0,"15":0},"f":{"0":0,"1":0,"2":0,"3":0},"b":{"0":[0,0,0]}},"/Users/irinakorotkaya/Documents/GitHub/buena-onboarding/src/pages/onboarding/PhoneNumber.tsx":{"path":"/Users/irinakorotkaya/Documents/GitHub/buena-onboarding/src/pages/onboarding/PhoneNumber.tsx","statementMap":{"0":{"start":{"line":1,"column":0},"end":{"line":1,"column":34}},"1":{"start":{"line":2,"column":0},"end":{"line":2,"column":53}},"2":{"start":{"line":3,"column":0},"end":{"line":3,"column":49}},"3":{"start":{"line":4,"column":0},"end":{"line":4,"column":51}},"4":{"start":{"line":5,"column":0},"end":{"line":5,"column":49}},"5":{"start":{"line":6,"column":0},"end":{"line":6,"column":57}},"6":{"start":{"line":10,"column":4},"end":{"line":10,"column":24}},"7":{"start":{"line":12,"column":30},"end":{"line":14,"column":3}},"8":{"start":{"line":13,"column":4},"end":{"line":13,"column":30}},"9":{"start":{"line":16,"column":34},"end":{"line":18,"column":3}},"10":{"start":{"line":17,"column":4},"end":{"line":17,"column":35}},"11":{"start":{"line":20,"column":2},"end":{"line":22,"column":20}},"12":{"start":{"line":21,"column":4},"end":{"line":21,"column":58}},"13":{"start":{"line":24,"column":2},"end":{"line":43,"column":4}},"14":{"start":{"line":8,"column":0},"end":{"line":8,"column":24}}},"fnMap":{"0":{"name":"PhoneNumber","decl":{"start":{"line":8,"column":24},"end":{"line":8,"column":35}},"loc":{"start":{"line":8,"column":35},"end":{"line":44,"column":1}}},"1":{"name":"(anonymous_2)","decl":{"start":{"line":12,"column":30},"end":{"line":12,"column":31}},"loc":{"start":{"line":12,"column":57},"end":{"line":14,"column":3}}},"2":{"name":"(anonymous_3)","decl":{"start":{"line":16,"column":34},"end":{"line":16,"column":35}},"loc":{"start":{"line":16,"column":67},"end":{"line":18,"column":3}}},"3":{"name":"(anonymous_4)","decl":{"start":{"line":20,"column":12},"end":{"line":20,"column":15}},"loc":{"start":{"line":20,"column":17},"end":{"line":22,"column":3}}}},"branchMap":{"0":{"loc":{"start":{"line":36,"column":9},"end":{"line":37,"column":null}},"type":"binary-expr","locations":[{"start":{"line":36,"column":9},"end":{"line":36,"column":26}},{"start":{"line":36,"column":30},"end":{"line":36,"column":41}},{"start":{"line":37,"column":10},"end":{"line":37,"column":46}}]}},"s":{"0":0,"1":0,"2":0,"3":0,"4":0,"5":0,"6":0,"7":0,"8":0,"9":0,"10":0,"11":0,"12":0,"13":0,"14":0},"f":{"0":0,"1":0,"2":0,"3":0},"b":{"0":[0,0,0]}},"/Users/irinakorotkaya/Documents/GitHub/buena-onboarding/src/pages/onboarding/Income.tsx":{"path":"/Users/irinakorotkaya/Documents/GitHub/buena-onboarding/src/pages/onboarding/Income.tsx","statementMap":{"0":{"start":{"line":1,"column":0},"end":{"line":1,"column":41}},"1":{"start":{"line":2,"column":0},"end":{"line":2,"column":53}},"2":{"start":{"line":3,"column":0},"end":{"line":3,"column":49}},"3":{"start":{"line":4,"column":0},"end":{"line":4,"column":49}},"4":{"start":{"line":6,"column":21},"end":{"line":12,"column":2}},"5":{"start":{"line":16,"column":4},"end":{"line":16,"column":24}},"6":{"start":{"line":18,"column":29},"end":{"line":21,"column":3}},"7":{"start":{"line":19,"column":22},"end":{"line":19,"column":36}},"8":{"start":{"line":20,"column":4},"end":{"line":20,"column":25}},"9":{"start":{"line":23,"column":2},"end":{"line":25,"column":15}},"10":{"start":{"line":24,"column":4},"end":{"line":24,"column":34}},"11":{"start":{"line":27,"column":2},"end":{"line":55,"column":4}},"12":{"start":{"line":33,"column":10},"end":{"line":33,"column":33}},"13":{"start":{"line":14,"column":0},"end":{"line":14,"column":24}}},"fnMap":{"0":{"name":"Income","decl":{"start":{"line":14,"column":24},"end":{"line":14,"column":30}},"loc":{"start":{"line":14,"column":30},"end":{"line":56,"column":1}}},"1":{"name":"(anonymous_2)","decl":{"start":{"line":18,"column":29},"end":{"line":18,"column":30}},"loc":{"start":{"line":18,"column":72},"end":{"line":21,"column":3}}},"2":{"name":"(anonymous_3)","decl":{"start":{"line":23,"column":12},"end":{"line":23,"column":15}},"loc":{"start":{"line":23,"column":17},"end":{"line":25,"column":3}}},"3":{"name":"(anonymous_4)","decl":{"start":{"line":32,"column":26},"end":{"line":32,"column":27}},"loc":{"start":{"line":33,"column":10},"end":{"line":33,"column":33}}}},"branchMap":{},"s":{"0":0,"1":0,"2":0,"3":0,"4":0,"5":0,"6":0,"7":0,"8":0,"9":0,"10":0,"11":0,"12":0,"13":0},"f":{"0":0,"1":0,"2":0,"3":0},"b":{}},"/Users/irinakorotkaya/Documents/GitHub/buena-onboarding/src/App.tsx":{"path":"/Users/irinakorotkaya/Documents/GitHub/buena-onboarding/src/App.tsx","statementMap":{"0":{"start":{"line":1,"column":0},"end":{"line":1,"column":62}},"1":{"start":{"line":2,"column":0},"end":{"line":2,"column":30}},"2":{"start":{"line":3,"column":0},"end":{"line":3,"column":50}},"3":{"start":{"line":4,"column":0},"end":{"line":4,"column":43}},"4":{"start":{"line":5,"column":0},"end":{"line":5,"column":45}},"5":{"start":{"line":6,"column":0},"end":{"line":6,"column":57}},"6":{"start":{"line":7,"column":0},"end":{"line":7,"column":47}},"7":{"start":{"line":8,"column":0},"end":{"line":8,"column":49}},"8":{"start":{"line":9,"column":0},"end":{"line":9,"column":40}},"9":{"start":{"line":10,"column":0},"end":{"line":10,"column":38}},"10":{"start":{"line":11,"column":0},"end":{"line":11,"column":42}},"11":{"start":{"line":12,"column":0},"end":{"line":12,"column":45}},"12":{"start":{"line":13,"column":0},"end":{"line":13,"column":65}},"13":{"start":{"line":14,"column":0},"end":{"line":14,"column":34}},"14":{"start":{"line":17,"column":34},"end":{"line":17,"column":54}},"15":{"start":{"line":18,"column":19},"end":{"line":18,"column":32}},"16":{"start":{"line":20,"column":2},"end":{"line":22,"column":9}},"17":{"start":{"line":21,"column":4},"end":{"line":21,"column":47}},"18":{"start":{"line":24,"column":2},"end":{"line":26,"column":17}},"19":{"start":{"line":25,"column":4},"end":{"line":25,"column":47}},"20":{"start":{"line":28,"column":2},"end":{"line":48,"column":4}},"21":{"start":{"line":51,"column":0},"end":{"line":51,"column":19}}},"fnMap":{"0":{"name":"App","decl":{"start":{"line":16,"column":9},"end":{"line":16,"column":12}},"loc":{"start":{"line":16,"column":12},"end":{"line":49,"column":1}}},"1":{"name":"(anonymous_2)","decl":{"start":{"line":20,"column":12},"end":{"line":20,"column":15}},"loc":{"start":{"line":20,"column":17},"end":{"line":22,"column":3}}},"2":{"name":"(anonymous_3)","decl":{"start":{"line":24,"column":12},"end":{"line":24,"column":15}},"loc":{"start":{"line":24,"column":17},"end":{"line":26,"column":3}}}},"branchMap":{},"s":{"0":0,"1":0,"2":0,"3":0,"4":0,"5":0,"6":0,"7":0,"8":0,"9":0,"10":0,"11":0,"12":0,"13":0,"14":0,"15":0,"16":0,"17":0,"18":0,"19":0,"20":0,"21":0},"f":{"0":0,"1":0,"2":0},"b":{}}}}
